2023-10-15 18:05:14,818 P8708 INFO Dump args: {
    "model": "ResNet18",
    "epoches": 100,
    "batch_size": 32,
    "learning_rate": 0.0005,
    "record_path": "./record",
    "save_path": "./save\\ResNet18_best.ckpt",
    "raw_data_path": "./data/raw",
    "data_path": "./data/data.npz",
    "random_seed": 42,
    "mode": "train",
    "hash_id": "3c9c23e0"
}
2023-10-15 18:05:23,978 P8708 INFO Train epoch 1/100, learning rate: 0.0005, train loss: 0.468879, train_acc: 0.850806 [7.53s]
2023-10-15 18:05:24,179 P8708 INFO Best validation accuracy has been updated: 0.000000 -> 0.943548
2023-10-15 18:05:24,241 P8708 INFO Save model to ./save\ResNet18_best.ckpt
2023-10-15 18:05:30,608 P8708 INFO Train epoch 2/100, learning rate: 0.0005, train loss: 1.895146, train_acc: 0.391876 [6.37s]
2023-10-15 18:05:37,169 P8708 INFO Train epoch 3/100, learning rate: 0.0005, train loss: 0.455604, train_acc: 0.845729 [6.36s]
2023-10-15 18:05:43,738 P8708 INFO Train epoch 4/100, learning rate: 0.0005, train loss: 0.169513, train_acc: 0.947581 [6.37s]
2023-10-15 18:05:43,940 P8708 INFO Best validation accuracy has been updated: 0.943548 -> 0.946237
2023-10-15 18:05:44,010 P8708 INFO Save model to ./save\ResNet18_best.ckpt
2023-10-15 18:05:50,398 P8708 INFO Train epoch 5/100, learning rate: 0.0005, train loss: 0.100125, train_acc: 0.968638 [6.38s]
2023-10-15 18:05:50,594 P8708 INFO Best validation accuracy has been updated: 0.946237 -> 0.956989
2023-10-15 18:05:50,657 P8708 INFO Save model to ./save\ResNet18_best.ckpt
2023-10-15 18:05:57,032 P8708 INFO Train epoch 6/100, learning rate: 0.0005, train loss: 0.062639, train_acc: 0.981332 [6.37s]
2023-10-15 18:06:03,596 P8708 INFO Train epoch 7/100, learning rate: 0.0005, train loss: 0.066783, train_acc: 0.979092 [6.37s]
2023-10-15 18:06:03,796 P8708 INFO Best validation accuracy has been updated: 0.956989 -> 0.959677
2023-10-15 18:06:03,859 P8708 INFO Save model to ./save\ResNet18_best.ckpt
2023-10-15 18:06:10,237 P8708 INFO Train epoch 8/100, learning rate: 0.0005, train loss: 0.053151, train_acc: 0.984020 [6.38s]
2023-10-15 18:06:10,436 P8708 INFO Best validation accuracy has been updated: 0.959677 -> 0.974462
2023-10-15 18:06:10,499 P8708 INFO Save model to ./save\ResNet18_best.ckpt
2023-10-15 18:06:16,880 P8708 INFO Train epoch 9/100, learning rate: 0.0005, train loss: 0.040864, train_acc: 0.988501 [6.38s]
2023-10-15 18:06:23,459 P8708 INFO Train epoch 10/100, learning rate: 0.0005, train loss: 0.058211, train_acc: 0.982228 [6.37s]
2023-10-15 18:06:30,032 P8708 INFO Train epoch 11/100, learning rate: 0.0005, train loss: 0.020735, train_acc: 0.994176 [6.37s]
2023-10-15 18:06:36,600 P8708 INFO Train epoch 12/100, learning rate: 0.0005, train loss: 0.029672, train_acc: 0.991039 [6.37s]
2023-10-15 18:06:43,183 P8708 INFO Train epoch 13/100, learning rate: 0.0005, train loss: 0.063026, train_acc: 0.979540 [6.37s]
2023-10-15 18:06:49,757 P8708 INFO Train epoch 14/100, learning rate: 0.0005, train loss: 0.024564, train_acc: 0.992682 [6.37s]
2023-10-15 18:06:56,322 P8708 INFO Train epoch 15/100, learning rate: 0.0005, train loss: 0.039487, train_acc: 0.988799 [6.37s]
2023-10-15 18:07:02,903 P8708 INFO Train epoch 16/100, learning rate: 0.0005, train loss: 0.025346, train_acc: 0.991487 [6.37s]
2023-10-15 18:07:09,472 P8708 INFO Train epoch 17/100, learning rate: 0.0005, train loss: 0.027345, train_acc: 0.992384 [6.37s]
2023-10-15 18:07:16,045 P8708 INFO Train epoch 18/100, learning rate: 0.0005, train loss: 0.032644, train_acc: 0.991189 [6.37s]
2023-10-15 18:07:22,619 P8708 INFO Train epoch 19/100, learning rate: 0.0005, train loss: 0.021868, train_acc: 0.992085 [6.38s]
2023-10-15 18:07:22,819 P8708 INFO Best validation accuracy has been updated: 0.974462 -> 0.978495
2023-10-15 18:07:22,882 P8708 INFO Save model to ./save\ResNet18_best.ckpt
2023-10-15 18:07:29,272 P8708 INFO Train epoch 20/100, learning rate: 0.0005, train loss: 0.015923, train_acc: 0.994922 [6.39s]
2023-10-15 18:07:35,844 P8708 INFO Train epoch 21/100, learning rate: 0.0005, train loss: 0.050316, train_acc: 0.986410 [6.37s]
2023-10-15 18:07:36,042 P8708 INFO Best validation accuracy has been updated: 0.978495 -> 0.981183
2023-10-15 18:07:36,112 P8708 INFO Save model to ./save\ResNet18_best.ckpt
2023-10-15 18:07:42,499 P8708 INFO Train epoch 22/100, learning rate: 0.0005, train loss: 0.031840, train_acc: 0.989247 [6.39s]
2023-10-15 18:07:42,696 P8708 INFO Best validation accuracy has been updated: 0.981183 -> 0.989247
2023-10-15 18:07:42,758 P8708 INFO Save model to ./save\ResNet18_best.ckpt
2023-10-15 18:07:49,140 P8708 INFO Train epoch 23/100, learning rate: 0.0005, train loss: 0.010242, train_acc: 0.996565 [6.38s]
2023-10-15 18:07:55,704 P8708 INFO Train epoch 24/100, learning rate: 0.0005, train loss: 0.023869, train_acc: 0.993130 [6.37s]
2023-10-15 18:08:02,275 P8708 INFO Train epoch 25/100, learning rate: 0.0005, train loss: 0.012415, train_acc: 0.997162 [6.37s]
2023-10-15 18:08:08,853 P8708 INFO Train epoch 26/100, learning rate: 0.0005, train loss: 0.002186, train_acc: 0.999403 [6.38s]
2023-10-15 18:08:15,422 P8708 INFO Train epoch 27/100, learning rate: 0.0005, train loss: 0.002015, train_acc: 0.999253 [6.37s]
2023-10-15 18:08:15,620 P8708 INFO Best validation accuracy has been updated: 0.989247 -> 0.990591
2023-10-15 18:08:15,686 P8708 INFO Save model to ./save\ResNet18_best.ckpt
2023-10-15 18:08:22,080 P8708 INFO Train epoch 28/100, learning rate: 0.0005, train loss: 0.001667, train_acc: 0.999403 [6.39s]
2023-10-15 18:08:28,648 P8708 INFO Train epoch 29/100, learning rate: 0.0005, train loss: 0.000538, train_acc: 0.999701 [6.37s]
2023-10-15 18:08:35,235 P8708 INFO Train epoch 30/100, learning rate: 0.0005, train loss: 0.000355, train_acc: 0.999851 [6.39s]
2023-10-15 18:08:41,813 P8708 INFO Train epoch 31/100, learning rate: 0.0005, train loss: 0.000343, train_acc: 0.999701 [6.38s]
2023-10-15 18:08:48,400 P8708 INFO Train epoch 32/100, learning rate: 0.0005, train loss: 0.000240, train_acc: 0.999851 [6.38s]
2023-10-15 18:08:54,990 P8708 INFO Train epoch 33/100, learning rate: 0.0005, train loss: 0.000345, train_acc: 0.999701 [6.39s]
2023-10-15 18:09:01,574 P8708 INFO Train epoch 34/100, learning rate: 0.0005, train loss: 0.000322, train_acc: 0.999701 [6.38s]
2023-10-15 18:09:08,139 P8708 INFO Train epoch 35/100, learning rate: 0.0005, train loss: 0.000324, train_acc: 0.999851 [6.37s]
2023-10-15 18:09:14,719 P8708 INFO Train epoch 36/100, learning rate: 0.0005, train loss: 0.000343, train_acc: 0.999851 [6.37s]
2023-10-15 18:09:21,301 P8708 INFO Train epoch 37/100, learning rate: 0.0005, train loss: 0.011927, train_acc: 0.997461 [6.38s]
2023-10-15 18:09:27,870 P8708 INFO Train epoch 38/100, learning rate: 0.0005, train loss: 0.135567, train_acc: 0.964158 [6.37s]
2023-10-15 18:09:34,446 P8708 INFO Train epoch 39/100, learning rate: 0.0005, train loss: 0.046571, train_acc: 0.988650 [6.38s]
2023-10-15 18:09:41,042 P8708 INFO Train epoch 40/100, learning rate: 0.0005, train loss: 0.046615, train_acc: 0.989098 [6.40s]
2023-10-15 18:09:47,556 P8708 INFO Train epoch 41/100, learning rate: 0.0005, train loss: 0.021503, train_acc: 0.994176 [6.32s]
2023-10-15 18:09:54,065 P8708 INFO Train epoch 42/100, learning rate: 0.0005, train loss: 0.016617, train_acc: 0.995072 [6.31s]
2023-10-15 18:10:00,578 P8708 INFO Train epoch 43/100, learning rate: 0.0005, train loss: 0.021125, train_acc: 0.995072 [6.32s]
2023-10-15 18:10:07,090 P8708 INFO Train epoch 44/100, learning rate: 0.0005, train loss: 0.002559, train_acc: 0.999403 [6.32s]
2023-10-15 18:10:13,604 P8708 INFO Train epoch 45/100, learning rate: 0.0005, train loss: 0.000784, train_acc: 0.999851 [6.32s]
2023-10-15 18:10:20,122 P8708 INFO Train epoch 46/100, learning rate: 0.0005, train loss: 0.000432, train_acc: 0.999851 [6.32s]
2023-10-15 18:10:26,639 P8708 INFO Train epoch 47/100, learning rate: 0.0005, train loss: 0.000368, train_acc: 0.999851 [6.32s]
2023-10-15 18:10:33,160 P8708 INFO Train epoch 48/100, learning rate: 0.0005, train loss: 0.000294, train_acc: 0.999851 [6.32s]
2023-10-15 18:10:39,674 P8708 INFO Train epoch 49/100, learning rate: 0.0005, train loss: 0.000296, train_acc: 0.999851 [6.32s]
2023-10-15 18:10:46,186 P8708 INFO Train epoch 50/100, learning rate: 0.0005, train loss: 0.000296, train_acc: 0.999701 [6.32s]
2023-10-15 18:10:52,704 P8708 INFO Train epoch 51/100, learning rate: 0.0005, train loss: 0.000302, train_acc: 0.999851 [6.32s]
2023-10-15 18:10:59,218 P8708 INFO Train epoch 52/100, learning rate: 0.0005, train loss: 0.000278, train_acc: 0.999851 [6.32s]
2023-10-15 18:11:05,734 P8708 INFO Train epoch 53/100, learning rate: 0.0005, train loss: 0.000274, train_acc: 0.999851 [6.32s]
2023-10-15 18:11:12,265 P8708 INFO Train epoch 54/100, learning rate: 0.0005, train loss: 0.000282, train_acc: 0.999851 [6.34s]
2023-10-15 18:11:18,803 P8708 INFO Train epoch 55/100, learning rate: 0.0005, train loss: 0.000293, train_acc: 0.999851 [6.34s]
2023-10-15 18:11:25,405 P8708 INFO Train epoch 56/100, learning rate: 0.0005, train loss: 0.000273, train_acc: 0.999701 [6.41s]
2023-10-15 18:11:31,955 P8708 INFO Train epoch 57/100, learning rate: 0.0005, train loss: 0.000292, train_acc: 0.999851 [6.35s]
2023-10-15 18:11:38,474 P8708 INFO Train epoch 58/100, learning rate: 0.0005, train loss: 0.000242, train_acc: 0.999851 [6.32s]
2023-10-15 18:11:45,042 P8708 INFO Train epoch 59/100, learning rate: 0.0005, train loss: 0.000347, train_acc: 0.999701 [6.37s]
2023-10-15 18:11:51,621 P8708 INFO Train epoch 60/100, learning rate: 0.0005, train loss: 0.000870, train_acc: 0.999701 [6.38s]
2023-10-15 18:11:58,255 P8708 INFO Train epoch 61/100, learning rate: 0.0005, train loss: 0.063694, train_acc: 0.985066 [6.43s]
2023-10-15 18:12:04,834 P8708 INFO Train epoch 62/100, learning rate: 0.0005, train loss: 0.115311, train_acc: 0.971027 [6.38s]
2023-10-15 18:12:11,405 P8708 INFO Train epoch 63/100, learning rate: 0.0005, train loss: 0.038774, train_acc: 0.991637 [6.37s]
2023-10-15 18:12:18,018 P8708 INFO Train epoch 64/100, learning rate: 0.0005, train loss: 0.029600, train_acc: 0.993877 [6.41s]
2023-10-15 18:12:24,607 P8708 INFO Train epoch 65/100, learning rate: 0.0005, train loss: 0.027445, train_acc: 0.994325 [6.39s]
2023-10-15 18:12:31,167 P8708 INFO Train epoch 66/100, learning rate: 0.0005, train loss: 0.027132, train_acc: 0.994325 [6.36s]
2023-10-15 18:12:37,732 P8708 INFO Train epoch 67/100, learning rate: 0.0005, train loss: 0.025357, train_acc: 0.994474 [6.37s]
2023-10-15 18:12:44,297 P8708 INFO Train epoch 68/100, learning rate: 0.0005, train loss: 0.009432, train_acc: 0.998357 [6.37s]
2023-10-15 18:12:50,861 P8708 INFO Train epoch 69/100, learning rate: 0.0005, train loss: 0.002258, train_acc: 0.999253 [6.36s]
2023-10-15 18:12:57,422 P8708 INFO Train epoch 70/100, learning rate: 0.0005, train loss: 0.031776, train_acc: 0.993728 [6.36s]
2023-10-15 18:13:03,986 P8708 INFO Train epoch 71/100, learning rate: 0.0005, train loss: 0.023778, train_acc: 0.993877 [6.37s]
2023-10-15 18:13:10,548 P8708 INFO Train epoch 72/100, learning rate: 0.0005, train loss: 0.012132, train_acc: 0.997013 [6.36s]
2023-10-15 18:13:17,117 P8708 INFO Train epoch 73/100, learning rate: 0.0005, train loss: 0.008435, train_acc: 0.998208 [6.37s]
2023-10-15 18:13:23,682 P8708 INFO Train epoch 74/100, learning rate: 0.0005, train loss: 0.000767, train_acc: 0.999701 [6.36s]
2023-10-15 18:13:30,248 P8708 INFO Train epoch 75/100, learning rate: 0.0005, train loss: 0.016238, train_acc: 0.996117 [6.36s]
2023-10-15 18:13:36,811 P8708 INFO Train epoch 76/100, learning rate: 0.0005, train loss: 0.022234, train_acc: 0.994176 [6.36s]
2023-10-15 18:13:43,375 P8708 INFO Train epoch 77/100, learning rate: 0.0005, train loss: 0.013848, train_acc: 0.996266 [6.36s]
2023-10-15 18:13:49,948 P8708 INFO Train epoch 78/100, learning rate: 0.0005, train loss: 0.004781, train_acc: 0.998656 [6.38s]
2023-10-15 18:13:56,530 P8708 INFO Train epoch 79/100, learning rate: 0.0005, train loss: 0.001246, train_acc: 0.999403 [6.38s]
2023-10-15 18:14:03,096 P8708 INFO Train epoch 80/100, learning rate: 0.0005, train loss: 0.000426, train_acc: 0.999851 [6.37s]
2023-10-15 18:14:09,663 P8708 INFO Train epoch 81/100, learning rate: 0.0005, train loss: 0.000295, train_acc: 0.999701 [6.37s]
2023-10-15 18:14:16,225 P8708 INFO Train epoch 82/100, learning rate: 0.0005, train loss: 0.000267, train_acc: 0.999851 [6.36s]
2023-10-15 18:14:22,834 P8708 INFO Train epoch 83/100, learning rate: 0.0005, train loss: 0.000269, train_acc: 0.999851 [6.39s]
2023-10-15 18:14:29,415 P8708 INFO Train epoch 84/100, learning rate: 0.0005, train loss: 0.000269, train_acc: 0.999701 [6.38s]
2023-10-15 18:14:35,979 P8708 INFO Train epoch 85/100, learning rate: 0.0005, train loss: 0.000271, train_acc: 0.999851 [6.37s]
2023-10-15 18:14:42,543 P8708 INFO Train epoch 86/100, learning rate: 0.0005, train loss: 0.000267, train_acc: 0.999701 [6.37s]
2023-10-15 18:14:49,121 P8708 INFO Train epoch 87/100, learning rate: 0.0005, train loss: 0.000268, train_acc: 0.999701 [6.38s]
2023-10-15 18:14:55,708 P8708 INFO Train epoch 88/100, learning rate: 0.0005, train loss: 0.000274, train_acc: 0.999851 [6.39s]
2023-10-15 18:15:02,266 P8708 INFO Train epoch 89/100, learning rate: 0.0005, train loss: 0.000267, train_acc: 0.999701 [6.36s]
2023-10-15 18:15:08,832 P8708 INFO Train epoch 90/100, learning rate: 0.0005, train loss: 0.000255, train_acc: 0.999701 [6.36s]
2023-10-15 18:15:15,386 P8708 INFO Train epoch 91/100, learning rate: 0.0005, train loss: 0.000273, train_acc: 0.999701 [6.36s]
2023-10-15 18:15:21,961 P8708 INFO Train epoch 92/100, learning rate: 0.0005, train loss: 0.000277, train_acc: 0.999851 [6.38s]
2023-10-15 18:15:28,525 P8708 INFO Train epoch 93/100, learning rate: 0.0005, train loss: 0.000256, train_acc: 0.999851 [6.37s]
2023-10-15 18:15:35,082 P8708 INFO Train epoch 94/100, learning rate: 0.0005, train loss: 0.000270, train_acc: 0.999851 [6.36s]
2023-10-15 18:15:41,660 P8708 INFO Train epoch 95/100, learning rate: 0.0005, train loss: 0.000262, train_acc: 0.999701 [6.37s]
2023-10-15 18:15:48,246 P8708 INFO Train epoch 96/100, learning rate: 0.0005, train loss: 0.000281, train_acc: 0.999851 [6.38s]
2023-10-15 18:15:54,804 P8708 INFO Train epoch 97/100, learning rate: 0.0005, train loss: 0.000264, train_acc: 0.999851 [6.36s]
2023-10-15 18:16:01,366 P8708 INFO Train epoch 98/100, learning rate: 0.0005, train loss: 0.000254, train_acc: 0.999701 [6.36s]
2023-10-15 18:16:07,926 P8708 INFO Train epoch 99/100, learning rate: 0.0005, train loss: 0.000217, train_acc: 0.999851 [6.36s]
2023-10-15 18:16:14,492 P8708 INFO Train epoch 100/100, learning rate: 0.0005, train loss: 0.000308, train_acc: 0.999851 [6.36s]
2023-10-15 18:16:14,740 P8708 INFO Load model from ./save\ResNet18_best.ckpt
2023-10-15 18:16:14,759 P8708 INFO best pretrain: {'valid_loss': 0.04462645050301717, 'valid_acc': tensor(0.9906, device='cuda:0'), 'train_loss': 0.002015353576969877, 'train_acc': tensor(0.9993, device='cuda:0')}
