2023-10-15 18:19:25,856 P49156 INFO Dump args: {
    "model": "ResNet18",
    "epoches": 50,
    "batch_size": 64,
    "learning_rate": 0.001,
    "record_path": "./record",
    "save_path": "./save\\ResNet18_best.ckpt",
    "raw_data_path": "./data/raw",
    "data_path": "./data/data.npz",
    "random_seed": 42,
    "mode": "train",
    "hash_id": "ba5e6d20"
}
2023-10-15 18:19:27,388 P49156 INFO Load model from ./save\ResNet18_best.ckpt
2023-10-15 18:19:27,392 P49156 INFO best pretrain: {'valid_loss': 0.04264151364501837, 'valid_acc': tensor(0.9919, device='cuda:0'), 'train_loss': 0.0017165100575463536, 'train_acc': tensor(0.9996, device='cuda:0')}
2023-10-15 18:19:33,063 P49156 INFO Train epoch 1/50, learning rate: 0.001, train loss: 0.069533, train_acc: 0.979391 [5.62s]
2023-10-15 18:19:37,857 P49156 INFO Train epoch 2/50, learning rate: 0.001, train loss: 0.069496, train_acc: 0.980137 [4.64s]
2023-10-15 18:19:42,652 P49156 INFO Train epoch 3/50, learning rate: 0.001, train loss: 0.039278, train_acc: 0.989247 [4.65s]
2023-10-15 18:19:47,445 P49156 INFO Train epoch 4/50, learning rate: 0.001, train loss: 0.024238, train_acc: 0.992682 [4.64s]
2023-10-15 18:19:52,237 P49156 INFO Train epoch 5/50, learning rate: 0.001, train loss: 0.026115, train_acc: 0.991786 [4.65s]
2023-10-15 18:19:57,026 P49156 INFO Train epoch 6/50, learning rate: 0.001, train loss: 0.016012, train_acc: 0.995520 [4.64s]
2023-10-15 18:20:01,823 P49156 INFO Train epoch 7/50, learning rate: 0.001, train loss: 0.020704, train_acc: 0.994325 [4.65s]
2023-10-15 18:20:06,616 P49156 INFO Train epoch 8/50, learning rate: 0.001, train loss: 0.007456, train_acc: 0.997013 [4.65s]
2023-10-15 18:20:11,423 P49156 INFO Train epoch 9/50, learning rate: 0.001, train loss: 0.004570, train_acc: 0.998805 [4.66s]
2023-10-15 18:20:11,570 P49156 INFO Best validation accuracy has been updated: 0.991935 -> 0.994624
2023-10-15 18:20:11,633 P49156 INFO Save model to ./save\ResNet18_best.ckpt
2023-10-15 18:20:16,290 P49156 INFO Train epoch 10/50, learning rate: 0.001, train loss: 0.015296, train_acc: 0.995221 [4.66s]
2023-10-15 18:20:21,086 P49156 INFO Train epoch 11/50, learning rate: 0.001, train loss: 0.035561, train_acc: 0.989845 [4.65s]
2023-10-15 18:20:25,880 P49156 INFO Train epoch 12/50, learning rate: 0.001, train loss: 0.017342, train_acc: 0.996266 [4.65s]
2023-10-15 18:20:30,674 P49156 INFO Train epoch 13/50, learning rate: 0.001, train loss: 0.016514, train_acc: 0.995520 [4.65s]
2023-10-15 18:20:35,468 P49156 INFO Train epoch 14/50, learning rate: 0.001, train loss: 0.020256, train_acc: 0.995221 [4.65s]
2023-10-15 18:20:40,265 P49156 INFO Train epoch 15/50, learning rate: 0.001, train loss: 0.010867, train_acc: 0.996565 [4.65s]
2023-10-15 18:20:45,064 P49156 INFO Train epoch 16/50, learning rate: 0.001, train loss: 0.015797, train_acc: 0.995818 [4.65s]
2023-10-15 18:20:49,862 P49156 INFO Train epoch 17/50, learning rate: 0.001, train loss: 0.012990, train_acc: 0.996266 [4.65s]
2023-10-15 18:20:54,658 P49156 INFO Train epoch 18/50, learning rate: 0.001, train loss: 0.007226, train_acc: 0.997760 [4.65s]
2023-10-15 18:20:59,476 P49156 INFO Train epoch 19/50, learning rate: 0.001, train loss: 0.023882, train_acc: 0.994624 [4.67s]
2023-10-15 18:21:04,600 P49156 INFO Train epoch 20/50, learning rate: 0.001, train loss: 0.003222, train_acc: 0.999104 [4.93s]
2023-10-15 18:21:09,771 P49156 INFO Train epoch 21/50, learning rate: 0.001, train loss: 0.003346, train_acc: 0.999701 [5.02s]
2023-10-15 18:21:14,586 P49156 INFO Train epoch 22/50, learning rate: 0.001, train loss: 0.000508, train_acc: 0.999701 [4.66s]
2023-10-15 18:21:19,402 P49156 INFO Train epoch 23/50, learning rate: 0.001, train loss: 0.000368, train_acc: 0.999851 [4.66s]
2023-10-15 18:21:24,223 P49156 INFO Train epoch 24/50, learning rate: 0.001, train loss: 0.000252, train_acc: 0.999701 [4.67s]
2023-10-15 18:21:29,040 P49156 INFO Train epoch 25/50, learning rate: 0.001, train loss: 0.000245, train_acc: 0.999851 [4.67s]
2023-10-15 18:21:33,943 P49156 INFO Train epoch 26/50, learning rate: 0.001, train loss: 0.000256, train_acc: 0.999851 [4.75s]
2023-10-15 18:21:38,745 P49156 INFO Train epoch 27/50, learning rate: 0.001, train loss: 0.000287, train_acc: 0.999701 [4.65s]
2023-10-15 18:21:43,551 P49156 INFO Train epoch 28/50, learning rate: 0.001, train loss: 0.000284, train_acc: 0.999701 [4.66s]
2023-10-15 18:21:48,350 P49156 INFO Train epoch 29/50, learning rate: 0.001, train loss: 0.000281, train_acc: 0.999701 [4.65s]
2023-10-15 18:21:53,146 P49156 INFO Train epoch 30/50, learning rate: 0.001, train loss: 0.000285, train_acc: 0.999851 [4.65s]
2023-10-15 18:21:57,948 P49156 INFO Train epoch 31/50, learning rate: 0.001, train loss: 0.000365, train_acc: 0.999701 [4.65s]
2023-10-15 18:22:02,748 P49156 INFO Train epoch 32/50, learning rate: 0.001, train loss: 0.000237, train_acc: 0.999851 [4.65s]
2023-10-15 18:22:07,549 P49156 INFO Train epoch 33/50, learning rate: 0.001, train loss: 0.000266, train_acc: 0.999851 [4.65s]
2023-10-15 18:22:12,347 P49156 INFO Train epoch 34/50, learning rate: 0.001, train loss: 0.000253, train_acc: 0.999701 [4.65s]
2023-10-15 18:22:17,149 P49156 INFO Train epoch 35/50, learning rate: 0.001, train loss: 0.000282, train_acc: 0.999851 [4.65s]
2023-10-15 18:22:21,950 P49156 INFO Train epoch 36/50, learning rate: 0.001, train loss: 0.000273, train_acc: 0.999851 [4.65s]
2023-10-15 18:22:26,752 P49156 INFO Train epoch 37/50, learning rate: 0.001, train loss: 0.000275, train_acc: 0.999851 [4.65s]
2023-10-15 18:22:31,550 P49156 INFO Train epoch 38/50, learning rate: 0.001, train loss: 0.000247, train_acc: 0.999851 [4.65s]
2023-10-15 18:22:36,349 P49156 INFO Train epoch 39/50, learning rate: 0.001, train loss: 0.000260, train_acc: 0.999851 [4.65s]
2023-10-15 18:22:41,148 P49156 INFO Train epoch 40/50, learning rate: 0.001, train loss: 0.000270, train_acc: 0.999701 [4.65s]
2023-10-15 18:22:45,954 P49156 INFO Train epoch 41/50, learning rate: 0.001, train loss: 0.000278, train_acc: 0.999851 [4.65s]
2023-10-15 18:22:50,754 P49156 INFO Train epoch 42/50, learning rate: 0.001, train loss: 0.000278, train_acc: 0.999701 [4.65s]
2023-10-15 18:22:55,553 P49156 INFO Train epoch 43/50, learning rate: 0.001, train loss: 0.000378, train_acc: 0.999701 [4.65s]
2023-10-15 18:23:00,352 P49156 INFO Train epoch 44/50, learning rate: 0.001, train loss: 0.000262, train_acc: 0.999701 [4.65s]
2023-10-15 18:23:05,151 P49156 INFO Train epoch 45/50, learning rate: 0.001, train loss: 0.000237, train_acc: 0.999851 [4.65s]
2023-10-15 18:23:09,952 P49156 INFO Train epoch 46/50, learning rate: 0.001, train loss: 0.000244, train_acc: 0.999851 [4.65s]
2023-10-15 18:23:14,750 P49156 INFO Train epoch 47/50, learning rate: 0.001, train loss: 0.000255, train_acc: 0.999851 [4.65s]
2023-10-15 18:23:19,558 P49156 INFO Train epoch 48/50, learning rate: 0.001, train loss: 0.000258, train_acc: 0.999851 [4.66s]
2023-10-15 18:23:24,357 P49156 INFO Train epoch 49/50, learning rate: 0.001, train loss: 0.000270, train_acc: 0.999851 [4.65s]
2023-10-15 18:23:29,158 P49156 INFO Train epoch 50/50, learning rate: 0.001, train loss: 0.000252, train_acc: 0.999701 [4.65s]
2023-10-15 18:23:29,357 P49156 INFO Load model from ./save\ResNet18_best.ckpt
2023-10-15 18:23:29,359 P49156 INFO best pretrain: {'valid_loss': 0.04149793682154268, 'valid_acc': tensor(0.9946, device='cuda:0'), 'train_loss': 0.0045703859209208445, 'train_acc': tensor(0.9988, device='cuda:0')}
